\BOOKMARK [0][-]{chapter.1}{\376\377\004\046\004\065\004\073\004\070\000\040\004\070\000\040\004\067\004\060\004\064\004\060\004\107\004\070\000\040\004\100\004\060\004\061\004\076\004\102\004\113}{}% 1
\BOOKMARK [1][-]{section.1.1}{\376\377\004\046\004\065\004\073\004\114\000\040\004\100\004\060\004\061\004\076\004\102\004\113}{chapter.1}% 2
\BOOKMARK [1][-]{section.1.2}{\376\377\004\027\004\060\004\064\004\060\004\107\004\070}{chapter.1}% 3
\BOOKMARK [0][-]{chapter.2}{\376\377\004\034\004\060\004\102\004\065\004\074\004\060\004\102\004\070\004\107\004\065\004\101\004\072\004\060\004\117\000\040\004\074\004\076\004\064\004\065\004\073\004\114\000\040\004\061\004\070\004\076\004\073\004\076\004\063\004\070\004\107\004\065\004\101\004\072\004\076\004\063\004\076\000\040\004\075\004\065\004\071\004\100\004\076\004\075\004\060}{}% 4
\BOOKMARK [1][-]{section.2.1}{\376\377\004\034\004\076\004\064\004\065\004\073\004\114\000\040\004\030\004\066\004\070\004\072\004\065\004\062\004\070\004\107\004\060}{chapter.2}% 5
\BOOKMARK [1][-]{section.2.2}{\376\377\004\037\004\060\004\100\004\060\004\074\004\065\004\102\004\100\004\113\000\040\004\074\004\076\004\064\004\065\004\073\004\070}{chapter.2}% 6
\BOOKMARK [1][-]{section.2.3}{\376\377\004\022\004\070\004\064\004\113\000\040\004\075\004\065\004\071\004\100\004\076\004\075\004\076\004\062}{chapter.2}% 7
\BOOKMARK [2][-]{subsection.2.3.1}{\376\377\004\040\004\065\004\063\004\103\004\073\004\117\004\100\004\075\004\076\000-\004\101\004\077\004\060\004\071\004\072\004\076\004\062\004\113\004\065\000\040\000\050\000R\000e\000g\000u\000l\000a\000r\000\040\000s\000p\000i\000k\000i\000n\000g\000\051}{section.2.3}% 8
\BOOKMARK [2][-]{subsection.2.3.2}{\376\377\004\021\004\113\004\101\004\102\004\100\004\076\000-\004\101\004\077\004\060\004\071\004\072\004\076\004\062\004\113\004\065\000\040\000\050\000F\000a\000s\000t\000\040\000s\000p\000i\000k\000i\000n\000g\000\051}{section.2.3}% 9
\BOOKMARK [2][-]{subsection.2.3.3}{\376\377\004\035\004\070\004\067\004\072\004\076\004\077\004\076\004\100\004\076\004\063\004\076\004\062\004\113\004\065\000\040\004\101\004\077\004\060\004\071\004\072\004\076\004\062\004\113\004\065\000\040\000\050\000L\000o\000w\000-\000t\000h\000r\000e\000s\000h\000o\000l\000d\000\040\000s\000p\000i\000k\000i\000n\000g\000\051}{section.2.3}% 10
\BOOKMARK [2][-]{subsection.2.3.4}{\376\377\004\040\004\065\004\067\004\076\004\075\004\060\004\075\004\101\004\075\004\113\004\065\000\040\000\050\000R\000e\000s\000o\000n\000a\000t\000o\000r\000\051}{section.2.3}% 11
\BOOKMARK [2][-]{subsection.2.3.5}{\376\377\004\022\004\075\004\103\004\102\004\100\004\065\004\075\004\075\004\065\000\040\004\100\004\060\004\067\004\100\004\113\004\062\004\075\004\113\004\065\000\040\000\050\000I\000n\000t\000r\000i\000n\000s\000i\000c\000a\000l\000l\000y\000\040\000b\000u\000r\000s\000t\000i\000n\000g\000\051}{section.2.3}% 12
\BOOKMARK [2][-]{subsection.2.3.6}{\376\377\004\047\004\060\004\102\004\102\004\065\004\100\004\075\004\113\004\065\000\040\000\050\000C\000h\000a\000t\000t\000e\000r\000i\000n\000g\000\051}{section.2.3}% 13
\BOOKMARK [0][-]{chapter.3}{\376\377\004\034\004\076\004\064\004\065\004\073\004\070\004\100\004\076\004\062\004\060\004\075\004\070\004\065}{}% 14
\BOOKMARK [1][-]{section.3.1}{\376\377\004\022\004\070\004\067\004\103\004\060\004\073\004\070\004\067\004\060\004\106\004\070\004\117}{chapter.3}% 15
\BOOKMARK [1][-]{section.3.2}{\376\377\004\020\004\075\004\060\004\073\004\070\004\067\000\040\004\100\004\065\004\067\004\103\004\073\004\114\004\102\004\060\004\102\004\076\004\062}{chapter.3}% 16
\BOOKMARK [1][-]{section.3.3}{\376\377\004\033\004\070\004\101\004\102\004\070\004\075\004\063\000\040\004\072\004\076\004\064\004\060}{chapter.3}% 17
\BOOKMARK [0][-]{chapter.4}{\376\377\004\037\004\076\004\101\004\102\004\100\004\076\004\065\004\075\004\070\004\065\000\040\004\101\004\065\004\102\004\070\000\040\004\070\004\067\000\040\004\064\004\062\004\103\004\105\000\040\004\101\004\062\004\117\004\067\004\060\004\075\004\075\004\113\004\105\000\040\004\075\004\065\004\071\004\100\004\076\004\075\004\076\004\062}{}% 18
\BOOKMARK [0][-]{chapter.5}{\376\377\004\037\004\100\004\076\004\062\004\065\004\064\004\065\004\075\004\070\004\065\000\040\004\074\004\076\004\064\004\065\004\073\004\070\004\100\004\076\004\062\004\060\004\075\004\070\004\117\000\040\004\077\004\100\004\070\000\040\004\100\004\060\004\067\004\073\004\070\004\107\004\075\004\113\004\105\000\040\004\067\004\075\004\060\004\107\004\065\004\075\004\070\004\117\004\105\000\040\004\101\004\070\004\073\004\113\000\040\004\101\004\062\004\117\004\067\004\070}{}% 19
\BOOKMARK [1][-]{section.5.1}{\376\377\004\022\004\070\004\067\004\103\004\060\004\073\004\070\004\067\004\060\004\106\004\070\004\117}{chapter.5}% 20
\BOOKMARK [1][-]{section.5.2}{\376\377\004\020\004\075\004\060\004\073\004\070\004\067\000\040\004\100\004\065\004\067\004\103\004\073\004\114\004\102\004\060\004\102\004\076\004\062}{chapter.5}% 21
\BOOKMARK [1][-]{section.5.3}{\376\377\004\033\004\070\004\101\004\102\004\070\004\075\004\063\000\040\004\072\004\076\004\064\004\060}{chapter.5}% 22
\BOOKMARK [0][-]{chapter.6}{\376\377\004\027\004\060\004\072\004\073\004\116\004\107\004\065\004\075\004\070\004\065}{}% 23
\BOOKMARK [0][-]{section*.23}{\376\377\004\041\004\077\004\070\004\101\004\076\004\072\000\040\004\070\004\101\004\077\004\076\004\073\004\114\004\067\004\076\004\062\004\060\004\075\004\075\004\113\004\105\000\040\004\070\004\101\004\102\004\076\004\107\004\075\004\070\004\072\004\076\004\062}{}% 24
